<?xml version="1.0" encoding="UTF-8"?>
<beans xmlns="http://www.springframework.org/schema/beans"
       xmlns:xsi="http://www.w3.org/2001/XMLSchema-instance" xmlns:tx="http://www.springframework.org/schema/tx"
       xsi:schemaLocation="http://www.springframework.org/schema/beans http://www.springframework.org/schema/beans/spring-beans-2.0.xsd http://www.springframework.org/schema/tx http://www.springframework.org/schema/tx/spring-tx.xsd">

    <bean id="entityManagerFactory" class="org.springframework.orm.jpa.LocalContainerEntityManagerFactoryBean">
        <property name="persistenceUnitName" value="cdmsProfilePersistenceUnitTest"/>
        <property name="dataSource" ref="profileDataSource"/>
        <property name="jpaVendorAdapter" ref="jpaAdapterOracle" />
    </bean>

    <bean id="profileDataSource" class="org.apache.commons.dbcp.BasicDataSource" destroy-method="close">
        <property name="driverClassName" value="oracle.jdbc.driver.OracleDriver" />
        <property name="url" value="#{T(java.lang.System).getenv('TOPS_DB_CONNECTION_URL')}" />
        <property name="username" value="#{T(java.lang.System).getenv('TOPS_DB_USERNAME')}" />
        <property name="password" value="#{T(java.lang.System).getenv('TOPS_DB_PASSWORD')}" />
    </bean>

    <bean id="jpaAdapterOracle" class="org.springframework.orm.jpa.vendor.OpenJpaVendorAdapter">
        <property name="databasePlatform" value="org.apache.openjpa.jdbc.sql.OracleDictionary"/>
        <property name="database" value="ORACLE"/>
        <property name="showSql" value="false"/>
    </bean>

    <tx:annotation-driven/>

    <bean id="transactionManager" class="org.springframework.orm.jpa.JpaTransactionManager">
        <property name="entityManagerFactory" ref="entityManagerFactory" />
        <property name="dataSource" ref="profileDataSource" />
    </bean>

</beans>
