<?xml version="1.0" encoding="UTF-8"?>
<beans xmlns="http://www.springframework.org/schema/beans" xmlns:xsi="http://www.w3.org/2001/XMLSchema-instance"
    xmlns:camel="http://camel.apache.org/schema/spring"
    xsi:schemaLocation="http://www.springframework.org/schema/beans http://www.springframework.org/schema/beans/spring-beans-2.0.xsd
       http://camel.apache.org/schema/spring http://camel.apache.org/schema/spring/camel-spring.xsd">

    <bean id="performanceLogRoute" class="no.osl.cdms.profile.routes.PerformanceLogRoute" />

    <bean id="PROPAGATION_REQUIRED" class="org.apache.camel.spring.spi.SpringTransactionPolicy">
        <property name="transactionManager" ref="transactionManager" />
        <property name="propagationBehaviorName" value="PROPAGATION_REQUIRED" />
    </bean>

    <bean id="PROPAGATION_REQUIRES_NEW" class="org.apache.camel.spring.spi.SpringTransactionPolicy">
        <property name="transactionManager" ref="transactionManager" />
        <property name="propagationBehaviorName" value="PROPAGATION_REQUIRES_NEW" />
    </bean>


</beans>
